
                         ''~``                          
                        ( o o )                         
+------------------.oooO--(_)--Oooo.------------------+ 
|                                                     | 
|                .-------------------.                | 
|                | I N D I E  L I B  |                | 
|                .-------------------.                | 
|                    .oooO                            | 
|                    (   )   Oooo.                    | 
+---------------------\ (----(   )--------------------+
                       \_)    ) /                      
                             (_/                        
Indielib version: 0.5.1

[Init time]: (Thrusday, 24 of March 2016)

[18:58:42] [ BEGIN ] -- Creating Render --
                     {
[18:58:42] [ BEGIN ]    -- Creating SDL window --
                        {
           [  OK   ]       Window created
           [ INFO  ]       Mode: Full screen
                        }
[18:58:43] [  END  ]    Window OK [Elapsed time = 0.945 seg]
[18:58:43] [ BEGIN ]    -- Initializing Direct3D --
                        {
           [  OK   ]       Creating D3D object
           [  OK   ]       Obtaining the adapter
           [  OK   ]       Creating the device (D3DCREATE_HARDWARE_VERTEXPROCESSING)
           [ INFO  ]       Video mode: 800 x 600 x 32
                        }
[18:58:43] [  END  ]    Direct3D OK [Elapsed time = 0.318 seg]
[18:58:43] [ BEGIN ]    -- Hardware information --
                        {
           [ INFO  ]       Direct3D version: DXSDK November 2007
           [ INFO  ]       Mark: Nvidia
           [ INFO  ]       Chip: NVIDIA GeForce 9500 GT
           [ INFO  ]       Primitive antialising (D3DRS_ANTIALIASEDLINEENABLE): No
           [ INFO  ]       Maximum texture size: 8192 x 8192
           [ INFO  ]       Vertex Shader: 3 . 0 
           [ INFO  ]       Pixel Shader: 3 . 0
                        }
[18:58:43] [  END  ]    Hardware Ok [Elapsed time = 0 seg]
[18:58:43] [ BEGIN ]    -- Initializing ImageManager --
                        {
           [  OK   ]       Preparing ImageManager
           [ INFO  ]       Using FreeImage version:  3.15.3
           [ INFO  ]       Copyright:  This program uses FreeImage, a free, open source image library supporting all common bitmap formats. See http://freeimage.sourceforge.net for details
                        }
[18:58:43] [  END  ]    ImageManager Initialised [Elapsed time = 0.046 seg]
[18:58:43] [ BEGIN ]    -- Initializing SurfaceManager --
                        {
           [  OK   ]       Checking IND_Render
           [  OK   ]       Checking IND_ImageManager
                        }
[18:58:43] [  END  ]    SurfaceManager OK [Elapsed time = 0 seg]
[18:58:43] [ BEGIN ]    -- Initializing AnimationManager --
                        {
           [  OK   ]       SurfaceManager Ok
           [  OK   ]       ImageManager Ok
                        }
[18:58:43] [  END  ]    AnimationManager OK [Elapsed time = 0 seg]
[18:58:43] [ BEGIN ]    -- Initializing FontManager --
                        {
           [  OK   ]       SurfaceManager Ok
           [  OK   ]       ImageManager Ok
                        }
[18:58:43] [  END  ]    FontManager OK [Elapsed time = 0 seg]
[18:58:43] [ BEGIN ]    -- Initializing Entity2dManager --
                        {
           [  OK   ]       Preparing Entity2dManager
           [  OK   ]        Checking IND_Render
                        }
[18:58:43] [  END  ]    Entity2dManager OK [Elapsed time = 0 seg]
[18:58:44] [ BEGIN ]    -- Loading Image --
                        {
           [ INFO  ]       File name: ../SpaceGame/newresources/newbg.png
           [ INFO  ]       Extension: png
           [ INFO  ]       Size: 1600 x 1200
           [ INFO  ]       Bpp: 4
           [ INFO  ]       Format: IND_RGBA
                        }
[18:58:44] [  END  ]    Image loaded [Elapsed time = 0.225 seg]
[18:58:44] [ BEGIN ]    -- Creating surface --
                        {
           [ INFO  ]       From image: ../SpaceGame/newresources/newbg.png
           [ INFO  ]       Type: IND_ALPHA
           [ INFO  ]       Quality: IND_32
           [ INFO  ]       Image size: 1600 x 1200
           [ INFO  ]       Block size: 2048 x 2048
           [ INFO  ]       Number of blocks: 1 x 1
           [ INFO  ]       Spare (Right | Down): 448 x 848
                        }
[18:58:44] [  END  ]    Surface created [Elapsed time = 0.054 seg]
[18:58:44] [ BEGIN ]    -- Freeing image --
                        {
           [ INFO  ]       File name: ../SpaceGame/newresources/newbg.png
                        }
[18:58:44] [  END  ]    Ok [Elapsed time = 0.001 seg]
[18:58:44] [ BEGIN ]    -- Loading Image --
                        {
           [ INFO  ]       File name: ../SpaceGame/newresources/heart.png
           [ INFO  ]       Extension: png
           [ INFO  ]       Size: 358 x 234
           [ INFO  ]       Bpp: 4
           [ INFO  ]       Format: IND_RGBA
                        }
[18:58:44] [  END  ]    Image loaded [Elapsed time = 0.003 seg]
[18:58:44] [ BEGIN ]    -- Creating surface --
                        {
           [ INFO  ]       From image: ../SpaceGame/newresources/heart.png
           [ INFO  ]       Type: IND_ALPHA
           [ INFO  ]       Quality: IND_32
           [ INFO  ]       Image size: 358 x 234
           [ INFO  ]       Block size: 512 x 256
           [ INFO  ]       Number of blocks: 1 x 1
           [ INFO  ]       Spare (Right | Down): 154 x 22
                        }
[18:58:44] [  END  ]    Surface created [Elapsed time = 0.001 seg]
[18:58:44] [ BEGIN ]    -- Freeing image --
                        {
           [ INFO  ]       File name: ../SpaceGame/newresources/heart.png
                        }
[18:58:44] [  END  ]    Ok [Elapsed time = 0 seg]
[18:58:44] [ BEGIN ]    -- Parsing and loading animation --
                        {
           [ INFO  ]       File name: ../SpaceGame/resources/animations/character1.xml
[18:58:44] [ BEGIN ]       -- Loading Image --
                           {
           [ INFO  ]          File name: ../SpaceGame/resources/animations/advance/Rock_Avanza_01.png
           [ INFO  ]          Extension: png
           [ INFO  ]          Size: 116 x 198
           [ INFO  ]          Bpp: 1
           [ INFO  ]          Format: IND_COLOUR_INDEX
                           }
[18:58:44] [  END  ]       Image loaded [Elapsed time = 0.007 seg]
[18:58:44] [ BEGIN ]       -- Loading Image --
                           {
           [ INFO  ]          File name: ../SpaceGame/resources/animations/advance/Rock_Avanza_02.png
           [ INFO  ]          Extension: png
           [ INFO  ]          Size: 114 x 200
           [ INFO  ]          Bpp: 1
           [ INFO  ]          Format: IND_COLOUR_INDEX
                           }
[18:58:44] [  END  ]       Image loaded [Elapsed time = 0.003 seg]
[18:58:44] [ BEGIN ]       -- Loading Image --
                           {
           [ INFO  ]          File name: ../SpaceGame/resources/animations/advance/Rock_Avanza_03.png
           [ INFO  ]          Extension: png
           [ INFO  ]          Size: 110 x 202
           [ INFO  ]          Bpp: 1
           [ INFO  ]          Format: IND_COLOUR_INDEX
                           }
[18:58:44] [  END  ]       Image loaded [Elapsed time = 0.004 seg]
[18:58:44] [ BEGIN ]       -- Loading Image --
                           {
           [ INFO  ]          File name: ../SpaceGame/resources/animations/advance/Rock_Avanza_04.png
           [ INFO  ]          Extension: png
           [ INFO  ]          Size: 106 x 200
           [ INFO  ]          Bpp: 1
           [ INFO  ]          Format: IND_COLOUR_INDEX
                           }
[18:58:44] [  END  ]       Image loaded [Elapsed time = 0.002 seg]
[18:58:44] [ BEGIN ]       -- Loading Image --
                           {
           [ INFO  ]          File name: ../SpaceGame/resources/animations/advance/Rock_Avanza_05.png
           [ INFO  ]          Extension: png
           [ INFO  ]          Size: 106 x 200
           [ INFO  ]          Bpp: 1
           [ INFO  ]          Format: IND_COLOUR_INDEX
                           }
[18:58:44] [  END  ]       Image loaded [Elapsed time = 0.023 seg]
[18:58:44] [ BEGIN ]       -- Loading Image --
                           {
           [ INFO  ]          File name: ../SpaceGame/resources/animations/advance/Rock_Avanza_06.png
           [ INFO  ]          Extension: png
           [ INFO  ]          Size: 106 x 202
           [ INFO  ]          Bpp: 1
           [ INFO  ]          Format: IND_COLOUR_INDEX
                           }
[18:58:44] [  END  ]       Image loaded [Elapsed time = 0.008 seg]
[18:58:44] [ BEGIN ]       -- Loading Image --
                           {
           [ INFO  ]          File name: ../SpaceGame/resources/animations/advance/Rock_Avanza_07.png
           [ INFO  ]          Extension: png
           [ INFO  ]          Size: 106 x 204
           [ INFO  ]          Bpp: 1
           [ INFO  ]          Format: IND_COLOUR_INDEX
                           }
[18:58:44] [  END  ]       Image loaded [Elapsed time = 0.008 seg]
[18:58:44] [ BEGIN ]       -- Loading Image --
                           {
           [ INFO  ]          File name: ../SpaceGame/resources/animations/advance/Rock_Avanza_08.png
           [ INFO  ]          Extension: png
           [ INFO  ]          Size: 106 x 202
           [ INFO  ]          Bpp: 1
           [ INFO  ]          Format: IND_COLOUR_INDEX
                           }
[18:58:44] [  END  ]       Image loaded [Elapsed time = 0.002 seg]
[18:58:44] [ BEGIN ]       -- Loading Image --
                           {
           [ INFO  ]          File name: ../SpaceGame/resources/animations/advance/Rock_Avanza_09.png
           [ INFO  ]          Extension: png
           [ INFO  ]          Size: 102 x 198
           [ INFO  ]          Bpp: 1
           [ INFO  ]          Format: IND_COLOUR_INDEX
                           }
[18:58:44] [  END  ]       Image loaded [Elapsed time = 0.004 seg]
[18:58:44] [ BEGIN ]       -- Loading Image --
                           {
           [ INFO  ]          File name: ../SpaceGame/resources/animations/advance/Rock_Avanza_10.png
           [ INFO  ]          Extension: png
           [ INFO  ]          Size: 102 x 196
           [ INFO  ]          Bpp: 1
           [ INFO  ]          Format: IND_COLOUR_INDEX
                           }
[18:58:44] [  END  ]       Image loaded [Elapsed time = 0.006 seg]
                        }
[18:58:44] [  END  ]    Animation parsed and loaded [Elapsed time = 0.081 seg]
[18:58:44] [ BEGIN ]    -- Creating surface --
                        {
           [ INFO  ]       From image: ../SpaceGame/resources/animations/advance/Rock_Avanza_01.png
           [ INFO  ]       Type: IND_ALPHA
           [ INFO  ]       Quality: IND_32
           [ INFO  ]       Image size: 116 x 198
           [ INFO  ]       Block size: 128 x 256
           [ INFO  ]       Number of blocks: 1 x 1
           [ INFO  ]       Spare (Right | Down): 12 x 58
                        }
[18:58:44] [  END  ]    Surface created [Elapsed time = 0 seg]
[18:58:44] [ BEGIN ]    -- Freeing image --
                        {
           [ INFO  ]       File name: ../SpaceGame/resources/animations/advance/Rock_Avanza_01.png
                        }
[18:58:44] [  END  ]    Ok [Elapsed time = 0 seg]
[18:58:44] [ BEGIN ]    -- Creating surface --
                        {
           [ INFO  ]       From image: ../SpaceGame/resources/animations/advance/Rock_Avanza_02.png
           [ INFO  ]       Type: IND_ALPHA
           [ INFO  ]       Quality: IND_32
           [ INFO  ]       Image size: 114 x 200
           [ INFO  ]       Block size: 128 x 256
           [ INFO  ]       Number of blocks: 1 x 1
           [ INFO  ]       Spare (Right | Down): 14 x 56
                        }
[18:58:44] [  END  ]    Surface created [Elapsed time = 0 seg]
[18:58:44] [ BEGIN ]    -- Freeing image --
                        {
           [ INFO  ]       File name: ../SpaceGame/resources/animations/advance/Rock_Avanza_02.png
                        }
[18:58:44] [  END  ]    Ok [Elapsed time = 0.001 seg]
[18:58:44] [ BEGIN ]    -- Creating surface --
                        {
           [ INFO  ]       From image: ../SpaceGame/resources/animations/advance/Rock_Avanza_03.png
           [ INFO  ]       Type: IND_ALPHA
           [ INFO  ]       Quality: IND_32
           [ INFO  ]       Image size: 110 x 202
           [ INFO  ]       Block size: 128 x 256
           [ INFO  ]       Number of blocks: 1 x 1
           [ INFO  ]       Spare (Right | Down): 18 x 54
                        }
[18:58:44] [  END  ]    Surface created [Elapsed time = 0 seg]
[18:58:44] [ BEGIN ]    -- Freeing image --
                        {
           [ INFO  ]       File name: ../SpaceGame/resources/animations/advance/Rock_Avanza_03.png
                        }
[18:58:44] [  END  ]    Ok [Elapsed time = 0 seg]
[18:58:44] [ BEGIN ]    -- Creating surface --
                        {
           [ INFO  ]       From image: ../SpaceGame/resources/animations/advance/Rock_Avanza_04.png
           [ INFO  ]       Type: IND_ALPHA
           [ INFO  ]       Quality: IND_32
           [ INFO  ]       Image size: 106 x 200
           [ INFO  ]       Block size: 128 x 256
           [ INFO  ]       Number of blocks: 1 x 1
           [ INFO  ]       Spare (Right | Down): 22 x 56
                        }
[18:58:44] [  END  ]    Surface created [Elapsed time = 0.001 seg]
[18:58:44] [ BEGIN ]    -- Freeing image --
                        {
           [ INFO  ]       File name: ../SpaceGame/resources/animations/advance/Rock_Avanza_04.png
                        }
[18:58:44] [  END  ]    Ok [Elapsed time = 0 seg]
[18:58:44] [ BEGIN ]    -- Creating surface --
                        {
           [ INFO  ]       From image: ../SpaceGame/resources/animations/advance/Rock_Avanza_05.png
           [ INFO  ]       Type: IND_ALPHA
           [ INFO  ]       Quality: IND_32
           [ INFO  ]       Image size: 106 x 200
           [ INFO  ]       Block size: 128 x 256
           [ INFO  ]       Number of blocks: 1 x 1
           [ INFO  ]       Spare (Right | Down): 22 x 56
                        }
[18:58:44] [  END  ]    Surface created [Elapsed time = 0 seg]
[18:58:44] [ BEGIN ]    -- Freeing image --
                        {
           [ INFO  ]       File name: ../SpaceGame/resources/animations/advance/Rock_Avanza_05.png
                        }
[18:58:44] [  END  ]    Ok [Elapsed time = 0 seg]
[18:58:44] [ BEGIN ]    -- Creating surface --
                        {
           [ INFO  ]       From image: ../SpaceGame/resources/animations/advance/Rock_Avanza_06.png
           [ INFO  ]       Type: IND_ALPHA
           [ INFO  ]       Quality: IND_32
           [ INFO  ]       Image size: 106 x 202
           [ INFO  ]       Block size: 128 x 256
           [ INFO  ]       Number of blocks: 1 x 1
           [ INFO  ]       Spare (Right | Down): 22 x 54
                        }
[18:58:44] [  END  ]    Surface created [Elapsed time = 0 seg]
[18:58:44] [ BEGIN ]    -- Freeing image --
                        {
           [ INFO  ]       File name: ../SpaceGame/resources/animations/advance/Rock_Avanza_06.png
                        }
[18:58:44] [  END  ]    Ok [Elapsed time = 0 seg]
[18:58:44] [ BEGIN ]    -- Creating surface --
                        {
           [ INFO  ]       From image: ../SpaceGame/resources/animations/advance/Rock_Avanza_07.png
           [ INFO  ]       Type: IND_ALPHA
           [ INFO  ]       Quality: IND_32
           [ INFO  ]       Image size: 106 x 204
           [ INFO  ]       Block size: 128 x 256
           [ INFO  ]       Number of blocks: 1 x 1
           [ INFO  ]       Spare (Right | Down): 22 x 52
                        }
[18:58:44] [  END  ]    Surface created [Elapsed time = 0.001 seg]
[18:58:44] [ BEGIN ]    -- Freeing image --
                        {
           [ INFO  ]       File name: ../SpaceGame/resources/animations/advance/Rock_Avanza_07.png
                        }
[18:58:44] [  END  ]    Ok [Elapsed time = 0 seg]
[18:58:44] [ BEGIN ]    -- Creating surface --
                        {
           [ INFO  ]       From image: ../SpaceGame/resources/animations/advance/Rock_Avanza_08.png
           [ INFO  ]       Type: IND_ALPHA
           [ INFO  ]       Quality: IND_32
           [ INFO  ]       Image size: 106 x 202
           [ INFO  ]       Block size: 128 x 256
           [ INFO  ]       Number of blocks: 1 x 1
           [ INFO  ]       Spare (Right | Down): 22 x 54
                        }
[18:58:44] [  END  ]    Surface created [Elapsed time = 0 seg]
[18:58:44] [ BEGIN ]    -- Freeing image --
                        {
           [ INFO  ]       File name: ../SpaceGame/resources/animations/advance/Rock_Avanza_08.png
                        }
[18:58:44] [  END  ]    Ok [Elapsed time = 0 seg]
[18:58:44] [ BEGIN ]    -- Creating surface --
                        {
           [ INFO  ]       From image: ../SpaceGame/resources/animations/advance/Rock_Avanza_09.png
           [ INFO  ]       Type: IND_ALPHA
           [ INFO  ]       Quality: IND_32
           [ INFO  ]       Image size: 102 x 198
           [ INFO  ]       Block size: 128 x 256
           [ INFO  ]       Number of blocks: 1 x 1
           [ INFO  ]       Spare (Right | Down): 26 x 58
                        }
[18:58:44] [  END  ]    Surface created [Elapsed time = 0 seg]
[18:58:44] [ BEGIN ]    -- Freeing image --
                        {
           [ INFO  ]       File name: ../SpaceGame/resources/animations/advance/Rock_Avanza_09.png
                        }
[18:58:44] [  END  ]    Ok [Elapsed time = 0 seg]
[18:58:44] [ BEGIN ]    -- Creating surface --
                        {
           [ INFO  ]       From image: ../SpaceGame/resources/animations/advance/Rock_Avanza_10.png
           [ INFO  ]       Type: IND_ALPHA
           [ INFO  ]       Quality: IND_32
           [ INFO  ]       Image size: 102 x 196
           [ INFO  ]       Block size: 128 x 256
           [ INFO  ]       Number of blocks: 1 x 1
           [ INFO  ]       Spare (Right | Down): 26 x 60
                        }
[18:58:44] [  END  ]    Surface created [Elapsed time = 0.001 seg]
[18:58:44] [ BEGIN ]    -- Freeing image --
                        {
           [ INFO  ]       File name: ../SpaceGame/resources/animations/advance/Rock_Avanza_10.png
                        }
[18:58:44] [  END  ]    Ok [Elapsed time = 0 seg]
[18:58:44] [ BEGIN ]    -- Parsing and loading animation --
                        {
           [ INFO  ]       File name: ../SpaceGame/resources/animations/character2.xml
[18:58:44] [ BEGIN ]       -- Loading Image --
                           {
           [ INFO  ]          File name: ../SpaceGame/resources/animations/stop/Terry_Parado_01.png
           [ INFO  ]          Extension: png
           [ INFO  ]          Size: 148 x 194
           [ INFO  ]          Bpp: 1
           [ INFO  ]          Format: IND_COLOUR_INDEX
                           }
[18:58:44] [  END  ]       Image loaded [Elapsed time = 0.01 seg]
[18:58:44] [ BEGIN ]       -- Loading Image --
                           {
           [ INFO  ]          File name: ../SpaceGame/resources/animations/stop/Terry_Parado_02.png
           [ INFO  ]          Extension: png
           [ INFO  ]          Size: 148 x 192
           [ INFO  ]          Bpp: 1
           [ INFO  ]          Format: IND_COLOUR_INDEX
                           }
[18:58:44] [  END  ]       Image loaded [Elapsed time = 0.002 seg]
[18:58:44] [ BEGIN ]       -- Loading Image --
                           {
           [ INFO  ]          File name: ../SpaceGame/resources/animations/stop/Terry_Parado_03.png
           [ INFO  ]          Extension: png
           [ INFO  ]          Size: 148 x 188
           [ INFO  ]          Bpp: 1
           [ INFO  ]          Format: IND_COLOUR_INDEX
                           }
[18:58:44] [  END  ]       Image loaded [Elapsed time = 0.019 seg]
[18:58:44] [ BEGIN ]       -- Loading Image --
                           {
           [ INFO  ]          File name: ../SpaceGame/resources/animations/stop/Terry_Parado_04.png
           [ INFO  ]          Extension: png
           [ INFO  ]          Size: 150 x 186
           [ INFO  ]          Bpp: 1
           [ INFO  ]          Format: IND_COLOUR_INDEX
                           }
[18:58:44] [  END  ]       Image loaded [Elapsed time = 0.012 seg]
[18:58:44] [ BEGIN ]       -- Loading Image --
                           {
           [ INFO  ]          File name: ../SpaceGame/resources/animations/stop/Terry_Parado_05.png
           [ INFO  ]          Extension: png
           [ INFO  ]          Size: 150 x 188
           [ INFO  ]          Bpp: 1
           [ INFO  ]          Format: IND_COLOUR_INDEX
                           }
[18:58:44] [  END  ]       Image loaded [Elapsed time = 0.003 seg]
[18:58:44] [ BEGIN ]       -- Loading Image --
                           {
           [ INFO  ]          File name: ../SpaceGame/resources/animations/stop/Terry_Parado_06.png
           [ INFO  ]          Extension: png
           [ INFO  ]          Size: 150 x 192
           [ INFO  ]          Bpp: 1
           [ INFO  ]          Format: IND_COLOUR_INDEX
                           }
[18:58:44] [  END  ]       Image loaded [Elapsed time = 0.005 seg]
[18:58:44] [ BEGIN ]       -- Loading Image --
                           {
           [ INFO  ]          File name: ../SpaceGame/resources/animations/stop/Terry_Parado_07.png
           [ INFO  ]          Extension: png
           [ INFO  ]          Size: 148 x 194
           [ INFO  ]          Bpp: 1
           [ INFO  ]          Format: IND_COLOUR_INDEX
                           }
[18:58:44] [  END  ]       Image loaded [Elapsed time = 0.009 seg]
[18:58:44] [ BEGIN ]       -- Loading Image --
                           {
           [ INFO  ]          File name: ../SpaceGame/resources/animations/stop/Terry_Parado_08.png
           [ INFO  ]          Extension: png
           [ INFO  ]          Size: 148 x 194
           [ INFO  ]          Bpp: 1
           [ INFO  ]          Format: IND_COLOUR_INDEX
                           }
[18:58:44] [  END  ]       Image loaded [Elapsed time = 0.004 seg]
[18:58:44] [ BEGIN ]       -- Loading Image --
                           {
           [ INFO  ]          File name: ../SpaceGame/resources/animations/stop/Terry_Parado_09.png
           [ INFO  ]          Extension: png
           [ INFO  ]          Size: 148 x 192
           [ INFO  ]          Bpp: 1
           [ INFO  ]          Format: IND_COLOUR_INDEX
                           }
[18:58:44] [  END  ]       Image loaded [Elapsed time = 0.006 seg]
                        }
[18:58:44] [  END  ]    Animation parsed and loaded [Elapsed time = 0.079 seg]
[18:58:44] [ BEGIN ]    -- Creating surface --
                        {
           [ INFO  ]       From image: ../SpaceGame/resources/animations/stop/Terry_Parado_01.png
           [ INFO  ]       Type: IND_ALPHA
           [ INFO  ]       Quality: IND_32
           [ INFO  ]       Image size: 148 x 194
           [ INFO  ]       Block size: 256 x 256
           [ INFO  ]       Number of blocks: 1 x 1
           [ INFO  ]       Spare (Right | Down): 108 x 62
                        }
[18:58:44] [  END  ]    Surface created [Elapsed time = 0 seg]
[18:58:44] [ BEGIN ]    -- Freeing image --
                        {
           [ INFO  ]       File name: ../SpaceGame/resources/animations/stop/Terry_Parado_01.png
                        }
[18:58:44] [  END  ]    Ok [Elapsed time = 0 seg]
[18:58:44] [ BEGIN ]    -- Creating surface --
                        {
           [ INFO  ]       From image: ../SpaceGame/resources/animations/stop/Terry_Parado_02.png
           [ INFO  ]       Type: IND_ALPHA
           [ INFO  ]       Quality: IND_32
           [ INFO  ]       Image size: 148 x 192
           [ INFO  ]       Block size: 256 x 256
           [ INFO  ]       Number of blocks: 1 x 1
           [ INFO  ]       Spare (Right | Down): 108 x 64
                        }
[18:58:44] [  END  ]    Surface created [Elapsed time = 0 seg]
[18:58:44] [ BEGIN ]    -- Freeing image --
                        {
           [ INFO  ]       File name: ../SpaceGame/resources/animations/stop/Terry_Parado_02.png
                        }
[18:58:44] [  END  ]    Ok [Elapsed time = 0 seg]
[18:58:44] [ BEGIN ]    -- Creating surface --
                        {
           [ INFO  ]       From image: ../SpaceGame/resources/animations/stop/Terry_Parado_03.png
           [ INFO  ]       Type: IND_ALPHA
           [ INFO  ]       Quality: IND_32
           [ INFO  ]       Image size: 148 x 188
           [ INFO  ]       Block size: 256 x 256
           [ INFO  ]       Number of blocks: 1 x 1
           [ INFO  ]       Spare (Right | Down): 108 x 68
                        }
[18:58:44] [  END  ]    Surface created [Elapsed time = 0 seg]
[18:58:44] [ BEGIN ]    -- Freeing image --
                        {
           [ INFO  ]       File name: ../SpaceGame/resources/animations/stop/Terry_Parado_03.png
                        }
[18:58:44] [  END  ]    Ok [Elapsed time = 0 seg]
[18:58:44] [ BEGIN ]    -- Creating surface --
                        {
           [ INFO  ]       From image: ../SpaceGame/resources/animations/stop/Terry_Parado_04.png
           [ INFO  ]       Type: IND_ALPHA
           [ INFO  ]       Quality: IND_32
           [ INFO  ]       Image size: 150 x 186
           [ INFO  ]       Block size: 256 x 256
           [ INFO  ]       Number of blocks: 1 x 1
           [ INFO  ]       Spare (Right | Down): 106 x 70
                        }
[18:58:44] [  END  ]    Surface created [Elapsed time = 0 seg]
[18:58:44] [ BEGIN ]    -- Freeing image --
                        {
           [ INFO  ]       File name: ../SpaceGame/resources/animations/stop/Terry_Parado_04.png
                        }
[18:58:44] [  END  ]    Ok [Elapsed time = 0 seg]
[18:58:44] [ BEGIN ]    -- Creating surface --
                        {
           [ INFO  ]       From image: ../SpaceGame/resources/animations/stop/Terry_Parado_05.png
           [ INFO  ]       Type: IND_ALPHA
           [ INFO  ]       Quality: IND_32
           [ INFO  ]       Image size: 150 x 188
           [ INFO  ]       Block size: 256 x 256
           [ INFO  ]       Number of blocks: 1 x 1
           [ INFO  ]       Spare (Right | Down): 106 x 68
                        }
[18:58:44] [  END  ]    Surface created [Elapsed time = 0 seg]
[18:58:44] [ BEGIN ]    -- Freeing image --
                        {
           [ INFO  ]       File name: ../SpaceGame/resources/animations/stop/Terry_Parado_05.png
                        }
[18:58:44] [  END  ]    Ok [Elapsed time = 0 seg]
[18:58:44] [ BEGIN ]    -- Creating surface --
                        {
           [ INFO  ]       From image: ../SpaceGame/resources/animations/stop/Terry_Parado_06.png
           [ INFO  ]       Type: IND_ALPHA
           [ INFO  ]       Quality: IND_32
           [ INFO  ]       Image size: 150 x 192
           [ INFO  ]       Block size: 256 x 256
           [ INFO  ]       Number of blocks: 1 x 1
           [ INFO  ]       Spare (Right | Down): 106 x 64
                        }
[18:58:44] [  END  ]    Surface created [Elapsed time = 0 seg]
[18:58:44] [ BEGIN ]    -- Freeing image --
                        {
           [ INFO  ]       File name: ../SpaceGame/resources/animations/stop/Terry_Parado_06.png
                        }
[18:58:44] [  END  ]    Ok [Elapsed time = 0 seg]
[18:58:44] [ BEGIN ]    -- Creating surface --
                        {
           [ INFO  ]       From image: ../SpaceGame/resources/animations/stop/Terry_Parado_07.png
           [ INFO  ]       Type: IND_ALPHA
           [ INFO  ]       Quality: IND_32
           [ INFO  ]       Image size: 148 x 194
           [ INFO  ]       Block size: 256 x 256
           [ INFO  ]       Number of blocks: 1 x 1
           [ INFO  ]       Spare (Right | Down): 108 x 62
                        }
[18:58:44] [  END  ]    Surface created [Elapsed time = 0 seg]
[18:58:44] [ BEGIN ]    -- Freeing image --
                        {
           [ INFO  ]       File name: ../SpaceGame/resources/animations/stop/Terry_Parado_07.png
                        }
[18:58:44] [  END  ]    Ok [Elapsed time = 0 seg]
[18:58:44] [ BEGIN ]    -- Creating surface --
                        {
           [ INFO  ]       From image: ../SpaceGame/resources/animations/stop/Terry_Parado_08.png
           [ INFO  ]       Type: IND_ALPHA
           [ INFO  ]       Quality: IND_32
           [ INFO  ]       Image size: 148 x 194
           [ INFO  ]       Block size: 256 x 256
           [ INFO  ]       Number of blocks: 1 x 1
           [ INFO  ]       Spare (Right | Down): 108 x 62
                        }
[18:58:44] [  END  ]    Surface created [Elapsed time = 0.001 seg]
[18:58:44] [ BEGIN ]    -- Freeing image --
                        {
           [ INFO  ]       File name: ../SpaceGame/resources/animations/stop/Terry_Parado_08.png
                        }
[18:58:44] [  END  ]    Ok [Elapsed time = 0 seg]
[18:58:44] [ BEGIN ]    -- Creating surface --
                        {
           [ INFO  ]       From image: ../SpaceGame/resources/animations/stop/Terry_Parado_09.png
           [ INFO  ]       Type: IND_ALPHA
           [ INFO  ]       Quality: IND_32
           [ INFO  ]       Image size: 148 x 192
           [ INFO  ]       Block size: 256 x 256
           [ INFO  ]       Number of blocks: 1 x 1
           [ INFO  ]       Spare (Right | Down): 108 x 64
                        }
[18:58:44] [  END  ]    Surface created [Elapsed time = 0 seg]
[18:58:44] [ BEGIN ]    -- Freeing image --
                        {
           [ INFO  ]       File name: ../SpaceGame/resources/animations/stop/Terry_Parado_09.png
                        }
[18:58:44] [  END  ]    Ok [Elapsed time = 0 seg]
[18:58:44] [ BEGIN ]    -- Parsing and loading animation --
                        {
           [ INFO  ]       File name: ../SpaceGame/resources/animations/dust.xml
[18:58:44] [ BEGIN ]       -- Loading Image --
                           {
           [ INFO  ]          File name: ../SpaceGame/resources/animations/dust/kof2k-teleportdust01.png
           [ INFO  ]          Extension: png
           [ INFO  ]          Size: 96 x 138
           [ INFO  ]          Bpp: 3
           [ INFO  ]          Format: IND_RGB
                           }
[18:58:44] [  END  ]       Image loaded [Elapsed time = 0.01 seg]
[18:58:44] [ BEGIN ]       -- Loading Image --
                           {
           [ INFO  ]          File name: ../SpaceGame/resources/animations/dust/kof2k-teleportdust02.png
           [ INFO  ]          Extension: png
           [ INFO  ]          Size: 96 x 138
           [ INFO  ]          Bpp: 3
           [ INFO  ]          Format: IND_RGB
                           }
[18:58:44] [  END  ]       Image loaded [Elapsed time = 0.009 seg]
[18:58:44] [ BEGIN ]       -- Loading Image --
                           {
           [ INFO  ]          File name: ../SpaceGame/resources/animations/dust/kof2k-teleportdust03.png
           [ INFO  ]          Extension: png
           [ INFO  ]          Size: 96 x 138
           [ INFO  ]          Bpp: 3
           [ INFO  ]          Format: IND_RGB
                           }
[18:58:44] [  END  ]       Image loaded [Elapsed time = 0.001 seg]
[18:58:44] [ BEGIN ]       -- Loading Image --
                           {
           [ INFO  ]          File name: ../SpaceGame/resources/animations/dust/kof2k-teleportdust04.png
           [ INFO  ]          Extension: png
           [ INFO  ]          Size: 96 x 138
           [ INFO  ]          Bpp: 3
           [ INFO  ]          Format: IND_RGB
                           }
[18:58:44] [  END  ]       Image loaded [Elapsed time = 0.006 seg]
[18:58:44] [ BEGIN ]       -- Loading Image --
                           {
           [ INFO  ]          File name: ../SpaceGame/resources/animations/dust/kof2k-teleportdust05.png
           [ INFO  ]          Extension: png
           [ INFO  ]          Size: 96 x 138
           [ INFO  ]          Bpp: 3
           [ INFO  ]          Format: IND_RGB
                           }
[18:58:44] [  END  ]       Image loaded [Elapsed time = 0.003 seg]
[18:58:44] [ BEGIN ]       -- Loading Image --
                           {
           [ INFO  ]          File name: ../SpaceGame/resources/animations/dust/kof2k-teleportdust06.png
           [ INFO  ]          Extension: png
           [ INFO  ]          Size: 96 x 138
           [ INFO  ]          Bpp: 3
           [ INFO  ]          Format: IND_RGB
                           }
[18:58:44] [  END  ]       Image loaded [Elapsed time = 0.03 seg]
[18:58:44] [ BEGIN ]       -- Loading Image --
                           {
           [ INFO  ]          File name: ../SpaceGame/resources/animations/dust/kof2k-teleportdust06.png
           [ INFO  ]          Extension: png
           [ INFO  ]          Size: 96 x 138
           [ INFO  ]          Bpp: 3
           [ INFO  ]          Format: IND_RGB
                           }
[18:58:44] [  END  ]       Image loaded [Elapsed time = 0.001 seg]
[18:58:44] [ BEGIN ]       -- Loading Image --
                           {
           [ INFO  ]          File name: ../SpaceGame/resources/animations/dust/kof2k-teleportdust07.png
           [ INFO  ]          Extension: png
           [ INFO  ]          Size: 96 x 138
           [ INFO  ]          Bpp: 3
           [ INFO  ]          Format: IND_RGB
                           }
[18:58:44] [  END  ]       Image loaded [Elapsed time = 0.001 seg]
[18:58:44] [ BEGIN ]       -- Loading Image --
                           {
           [ INFO  ]          File name: ../SpaceGame/resources/animations/dust/kof2k-teleportdust08.png
           [ INFO  ]          Extension: png
           [ INFO  ]          Size: 96 x 138
           [ INFO  ]          Bpp: 3
           [ INFO  ]          Format: IND_RGB
                           }
[18:58:44] [  END  ]       Image loaded [Elapsed time = 0.001 seg]
[18:58:44] [ BEGIN ]       -- Loading Image --
                           {
           [ INFO  ]          File name: ../SpaceGame/resources/animations/dust/kof2k-teleportdust09.png
           [ INFO  ]          Extension: png
           [ INFO  ]          Size: 96 x 138
           [ INFO  ]          Bpp: 3
           [ INFO  ]          Format: IND_RGB
                           }
[18:58:44] [  END  ]       Image loaded [Elapsed time = 0.006 seg]
[18:58:44] [ BEGIN ]       -- Loading Image --
                           {
           [ INFO  ]          File name: ../SpaceGame/resources/animations/dust/kof2k-teleportdust10.png
           [ INFO  ]          Extension: png
           [ INFO  ]          Size: 96 x 138
           [ INFO  ]          Bpp: 3
           [ INFO  ]          Format: IND_RGB
                           }
[18:58:44] [  END  ]       Image loaded [Elapsed time = 0.002 seg]
[18:58:44] [ BEGIN ]       -- Loading Image --
                           {
           [ INFO  ]          File name: ../SpaceGame/resources/animations/dust/kof2k-teleportdust11.png
           [ INFO  ]          Extension: png
           [ INFO  ]          Size: 96 x 138
           [ INFO  ]          Bpp: 3
           [ INFO  ]          Format: IND_RGB
                           }
[18:58:44] [  END  ]       Image loaded [Elapsed time = 0.001 seg]
[18:58:44] [ BEGIN ]       -- Loading Image --
                           {
           [ INFO  ]          File name: ../SpaceGame/resources/animations/dust/kof2k-teleportdust12.png
           [ INFO  ]          Extension: png
           [ INFO  ]          Size: 96 x 138
           [ INFO  ]          Bpp: 3
           [ INFO  ]          Format: IND_RGB
                           }
[18:58:44] [  END  ]       Image loaded [Elapsed time = 0.007 seg]
                        }
[18:58:44] [  END  ]    Animation parsed and loaded [Elapsed time = 0.096 seg]
[18:58:44] [ BEGIN ]    -- Creating surface --
                        {
           [ INFO  ]       From image: ../SpaceGame/resources/animations/dust/kof2k-teleportdust01.png
           [ INFO  ]       Type: IND_ALPHA
           [ INFO  ]       Quality: IND_32
           [ INFO  ]       Image size: 96 x 138
           [ INFO  ]       Block size: 128 x 256
           [ INFO  ]       Number of blocks: 1 x 1
           [ INFO  ]       Spare (Right | Down): 32 x 118
                        }
[18:58:44] [  END  ]    Surface created [Elapsed time = 0 seg]
[18:58:44] [ BEGIN ]    -- Freeing image --
                        {
           [ INFO  ]       File name: ../SpaceGame/resources/animations/dust/kof2k-teleportdust01.png
                        }
[18:58:44] [  END  ]    Ok [Elapsed time = 0 seg]
[18:58:44] [ BEGIN ]    -- Creating surface --
                        {
           [ INFO  ]       From image: ../SpaceGame/resources/animations/dust/kof2k-teleportdust02.png
           [ INFO  ]       Type: IND_ALPHA
           [ INFO  ]       Quality: IND_32
           [ INFO  ]       Image size: 96 x 138
           [ INFO  ]       Block size: 128 x 256
           [ INFO  ]       Number of blocks: 1 x 1
           [ INFO  ]       Spare (Right | Down): 32 x 118
                        }
[18:58:44] [  END  ]    Surface created [Elapsed time = 0 seg]
[18:58:44] [ BEGIN ]    -- Freeing image --
                        {
           [ INFO  ]       File name: ../SpaceGame/resources/animations/dust/kof2k-teleportdust02.png
                        }
[18:58:44] [  END  ]    Ok [Elapsed time = 0 seg]
[18:58:44] [ BEGIN ]    -- Creating surface --
                        {
           [ INFO  ]       From image: ../SpaceGame/resources/animations/dust/kof2k-teleportdust03.png
           [ INFO  ]       Type: IND_ALPHA
           [ INFO  ]       Quality: IND_32
           [ INFO  ]       Image size: 96 x 138
           [ INFO  ]       Block size: 128 x 256
           [ INFO  ]       Number of blocks: 1 x 1
           [ INFO  ]       Spare (Right | Down): 32 x 118
                        }
[18:58:44] [  END  ]    Surface created [Elapsed time = 0 seg]
[18:58:44] [ BEGIN ]    -- Freeing image --
                        {
           [ INFO  ]       File name: ../SpaceGame/resources/animations/dust/kof2k-teleportdust03.png
                        }
[18:58:44] [  END  ]    Ok [Elapsed time = 0 seg]
[18:58:44] [ BEGIN ]    -- Creating surface --
                        {
           [ INFO  ]       From image: ../SpaceGame/resources/animations/dust/kof2k-teleportdust04.png
           [ INFO  ]       Type: IND_ALPHA
           [ INFO  ]       Quality: IND_32
           [ INFO  ]       Image size: 96 x 138
           [ INFO  ]       Block size: 128 x 256
           [ INFO  ]       Number of blocks: 1 x 1
           [ INFO  ]       Spare (Right | Down): 32 x 118
                        }
[18:58:44] [  END  ]    Surface created [Elapsed time = 0 seg]
[18:58:44] [ BEGIN ]    -- Freeing image --
                        {
           [ INFO  ]       File name: ../SpaceGame/resources/animations/dust/kof2k-teleportdust04.png
                        }
[18:58:44] [  END  ]    Ok [Elapsed time = 0 seg]
[18:58:44] [ BEGIN ]    -- Creating surface --
                        {
           [ INFO  ]       From image: ../SpaceGame/resources/animations/dust/kof2k-teleportdust05.png
           [ INFO  ]       Type: IND_ALPHA
           [ INFO  ]       Quality: IND_32
           [ INFO  ]       Image size: 96 x 138
           [ INFO  ]       Block size: 128 x 256
           [ INFO  ]       Number of blocks: 1 x 1
           [ INFO  ]       Spare (Right | Down): 32 x 118
                        }
[18:58:44] [  END  ]    Surface created [Elapsed time = 0 seg]
[18:58:44] [ BEGIN ]    -- Freeing image --
                        {
           [ INFO  ]       File name: ../SpaceGame/resources/animations/dust/kof2k-teleportdust05.png
                        }
[18:58:44] [  END  ]    Ok [Elapsed time = 0 seg]
[18:58:44] [ BEGIN ]    -- Creating surface --
                        {
           [ INFO  ]       From image: ../SpaceGame/resources/animations/dust/kof2k-teleportdust06.png
           [ INFO  ]       Type: IND_ALPHA
           [ INFO  ]       Quality: IND_32
           [ INFO  ]       Image size: 96 x 138
           [ INFO  ]       Block size: 128 x 256
           [ INFO  ]       Number of blocks: 1 x 1
           [ INFO  ]       Spare (Right | Down): 32 x 118
                        }
[18:58:44] [  END  ]    Surface created [Elapsed time = 0 seg]
[18:58:44] [ BEGIN ]    -- Freeing image --
                        {
           [ INFO  ]       File name: ../SpaceGame/resources/animations/dust/kof2k-teleportdust06.png
                        }
[18:58:44] [  END  ]    Ok [Elapsed time = 0 seg]
[18:58:44] [ BEGIN ]    -- Creating surface --
                        {
           [ INFO  ]       From image: ../SpaceGame/resources/animations/dust/kof2k-teleportdust06.png
           [ INFO  ]       Type: IND_ALPHA
           [ INFO  ]       Quality: IND_32
           [ INFO  ]       Image size: 96 x 138
           [ INFO  ]       Block size: 128 x 256
           [ INFO  ]       Number of blocks: 1 x 1
           [ INFO  ]       Spare (Right | Down): 32 x 118
                        }
[18:58:44] [  END  ]    Surface created [Elapsed time = 0 seg]
[18:58:44] [ BEGIN ]    -- Freeing image --
                        {
           [ INFO  ]       File name: ../SpaceGame/resources/animations/dust/kof2k-teleportdust06.png
                        }
[18:58:44] [  END  ]    Ok [Elapsed time = 0 seg]
[18:58:44] [ BEGIN ]    -- Creating surface --
                        {
           [ INFO  ]       From image: ../SpaceGame/resources/animations/dust/kof2k-teleportdust07.png
           [ INFO  ]       Type: IND_ALPHA
           [ INFO  ]       Quality: IND_32
           [ INFO  ]       Image size: 96 x 138
           [ INFO  ]       Block size: 128 x 256
           [ INFO  ]       Number of blocks: 1 x 1
           [ INFO  ]       Spare (Right | Down): 32 x 118
                        }
[18:58:44] [  END  ]    Surface created [Elapsed time = 0.001 seg]
[18:58:44] [ BEGIN ]    -- Freeing image --
                        {
           [ INFO  ]       File name: ../SpaceGame/resources/animations/dust/kof2k-teleportdust07.png
                        }
[18:58:44] [  END  ]    Ok [Elapsed time = 0 seg]
[18:58:44] [ BEGIN ]    -- Creating surface --
                        {
           [ INFO  ]       From image: ../SpaceGame/resources/animations/dust/kof2k-teleportdust08.png
           [ INFO  ]       Type: IND_ALPHA
           [ INFO  ]       Quality: IND_32
           [ INFO  ]       Image size: 96 x 138
           [ INFO  ]       Block size: 128 x 256
           [ INFO  ]       Number of blocks: 1 x 1
           [ INFO  ]       Spare (Right | Down): 32 x 118
                        }
[18:58:44] [  END  ]    Surface created [Elapsed time = 0 seg]
[18:58:44] [ BEGIN ]    -- Freeing image --
                        {
           [ INFO  ]       File name: ../SpaceGame/resources/animations/dust/kof2k-teleportdust08.png
                        }
[18:58:44] [  END  ]    Ok [Elapsed time = 0 seg]
[18:58:44] [ BEGIN ]    -- Creating surface --
                        {
           [ INFO  ]       From image: ../SpaceGame/resources/animations/dust/kof2k-teleportdust09.png
           [ INFO  ]       Type: IND_ALPHA
           [ INFO  ]       Quality: IND_32
           [ INFO  ]       Image size: 96 x 138
           [ INFO  ]       Block size: 128 x 256
           [ INFO  ]       Number of blocks: 1 x 1
           [ INFO  ]       Spare (Right | Down): 32 x 118
                        }
[18:58:44] [  END  ]    Surface created [Elapsed time = 0.001 seg]
[18:58:44] [ BEGIN ]    -- Freeing image --
                        {
           [ INFO  ]       File name: ../SpaceGame/resources/animations/dust/kof2k-teleportdust09.png
                        }
[18:58:44] [  END  ]    Ok [Elapsed time = 0 seg]
[18:58:44] [ BEGIN ]    -- Creating surface --
                        {
           [ INFO  ]       From image: ../SpaceGame/resources/animations/dust/kof2k-teleportdust10.png
           [ INFO  ]       Type: IND_ALPHA
           [ INFO  ]       Quality: IND_32
           [ INFO  ]       Image size: 96 x 138
           [ INFO  ]       Block size: 128 x 256
           [ INFO  ]       Number of blocks: 1 x 1
           [ INFO  ]       Spare (Right | Down): 32 x 118
                        }
[18:58:44] [  END  ]    Surface created [Elapsed time = 0 seg]
[18:58:44] [ BEGIN ]    -- Freeing image --
                        {
           [ INFO  ]       File name: ../SpaceGame/resources/animations/dust/kof2k-teleportdust10.png
                        }
[18:58:44] [  END  ]    Ok [Elapsed time = 0 seg]
[18:58:44] [ BEGIN ]    -- Creating surface --
                        {
           [ INFO  ]       From image: ../SpaceGame/resources/animations/dust/kof2k-teleportdust11.png
           [ INFO  ]       Type: IND_ALPHA
           [ INFO  ]       Quality: IND_32
           [ INFO  ]       Image size: 96 x 138
           [ INFO  ]       Block size: 128 x 256
           [ INFO  ]       Number of blocks: 1 x 1
           [ INFO  ]       Spare (Right | Down): 32 x 118
                        }
[18:58:44] [  END  ]    Surface created [Elapsed time = 0 seg]
[18:58:44] [ BEGIN ]    -- Freeing image --
                        {
           [ INFO  ]       File name: ../SpaceGame/resources/animations/dust/kof2k-teleportdust11.png
                        }
[18:58:44] [  END  ]    Ok [Elapsed time = 0 seg]
[18:58:44] [ BEGIN ]    -- Creating surface --
                        {
           [ INFO  ]       From image: ../SpaceGame/resources/animations/dust/kof2k-teleportdust12.png
           [ INFO  ]       Type: IND_ALPHA
           [ INFO  ]       Quality: IND_32
           [ INFO  ]       Image size: 96 x 138
           [ INFO  ]       Block size: 128 x 256
           [ INFO  ]       Number of blocks: 1 x 1
           [ INFO  ]       Spare (Right | Down): 32 x 118
                        }
[18:58:44] [  END  ]    Surface created [Elapsed time = 0 seg]
[18:58:44] [ BEGIN ]    -- Freeing image --
                        {
           [ INFO  ]       File name: ../SpaceGame/resources/animations/dust/kof2k-teleportdust12.png
                        }
[18:58:44] [  END  ]    Ok [Elapsed time = 0 seg]
[18:58:44] [ BEGIN ]    -- Adding 2d entity --
                        {
           [ INFO  ]       Name: 0
                        }
[18:58:44] [  END  ]    2d entity added [Elapsed time = 0 seg]
[18:58:44] [ BEGIN ]    -- Adding 2d entity --
                        {
           [ INFO  ]       Name: 1
                        }
[18:58:44] [  END  ]    2d entity added [Elapsed time = 0 seg]
[18:58:44] [ BEGIN ]    -- Adding 2d entity --
                        {
           [ INFO  ]       Name: 2
                        }
[18:58:44] [  END  ]    2d entity added [Elapsed time = 0 seg]
[18:58:44] [ BEGIN ]    -- Adding 2d entity --
                        {
           [ INFO  ]       Name: 3
                        }
[18:58:44] [  END  ]    2d entity added [Elapsed time = 0 seg]
[18:58:44] [ BEGIN ]    -- Adding 2d entity --
                        {
           [ INFO  ]       Name: 4
                        }
[18:58:44] [  END  ]    2d entity added [Elapsed time = 0 seg]
[18:58:44] [ BEGIN ]    -- Adding 2d entity --
                        {
           [ INFO  ]       Name: 5
                        }
[18:58:44] [  END  ]    2d entity added [Elapsed time = 0 seg]
[18:58:44] [ BEGIN ]    -- Adding 2d entity --
                        {
           [ INFO  ]       Name: 6
                        }
[18:58:44] [  END  ]    2d entity added [Elapsed time = 0 seg]
[18:59:13] [ BEGIN ]    -- Finalizing Entity2dManager --
                        {
[18:59:13] [ BEGIN ]       -- Freeing 2d entities --
                           {
           [ INFO  ]          Freeing 2d entity: 0
           [ INFO  ]          Freeing 2d entity: 0
           [ INFO  ]          Freeing 2d entity: 0
           [ INFO  ]          Freeing 2d entity: 0
           [ INFO  ]          Freeing 2d entity: 0
           [ INFO  ]          Freeing 2d entity: 0
           [ INFO  ]          Freeing 2d entity: 0
                           }
[18:59:13] [  END  ]       Entities freed [Elapsed time = 0 seg]
                        }
[18:59:13] [  END  ]    IND_Entity2dManager finalized [Elapsed time = 0 seg]
[18:59:13] [ BEGIN ]    -- Finalizing FontManager --
                        {
[18:59:13] [ BEGIN ]       -- Freeing fonts --
                           {
                           }
[18:59:13] [  END  ]       Fonts freed [Elapsed time = 0 seg]
                        }
[18:59:13] [  END  ]    FontManager finalized [Elapsed time = 0 seg]
[18:59:13] [ BEGIN ]    -- Finalizing AnimationManager --
                        {
[18:59:13] [ BEGIN ]       -- Freeing animations --
                           {
[18:59:13] [ BEGIN ]          -- Freeing animation --
                              {
           [ INFO  ]             Name: ../SpaceGame/resources/animations/character1.xml
[18:59:13] [ BEGIN ]             -- Freeing surface --
                                 {
                                 }
[18:59:13] [  END  ]             Ok [Elapsed time = 0 seg]
[18:59:13] [ BEGIN ]             -- Freeing surface --
                                 {
                                 }
[18:59:13] [  END  ]             Ok [Elapsed time = 0 seg]
[18:59:13] [ BEGIN ]             -- Freeing surface --
                                 {
                                 }
[18:59:13] [  END  ]             Ok [Elapsed time = 0 seg]
[18:59:13] [ BEGIN ]             -- Freeing surface --
                                 {
                                 }
[18:59:13] [  END  ]             Ok [Elapsed time = 0 seg]
[18:59:13] [ BEGIN ]             -- Freeing surface --
                                 {
                                 }
[18:59:13] [  END  ]             Ok [Elapsed time = 0 seg]
[18:59:13] [ BEGIN ]             -- Freeing surface --
                                 {
                                 }
[18:59:13] [  END  ]             Ok [Elapsed time = 0.001 seg]
[18:59:13] [ BEGIN ]             -- Freeing surface --
                                 {
                                 }
[18:59:13] [  END  ]             Ok [Elapsed time = 0 seg]
[18:59:13] [ BEGIN ]             -- Freeing surface --
                                 {
                                 }
[18:59:13] [  END  ]             Ok [Elapsed time = 0 seg]
[18:59:13] [ BEGIN ]             -- Freeing surface --
                                 {
                                 }
[18:59:13] [  END  ]             Ok [Elapsed time = 0 seg]
[18:59:13] [ BEGIN ]             -- Freeing surface --
                                 {
                                 }
[18:59:13] [  END  ]             Ok [Elapsed time = 0 seg]
                              }
[18:59:13] [  END  ]          Ok [Elapsed time = 0.001 seg]
[18:59:13] [ BEGIN ]          -- Freeing animation --
                              {
           [ INFO  ]             Name: ../SpaceGame/resources/animations/character2.xml
[18:59:13] [ BEGIN ]             -- Freeing surface --
                                 {
                                 }
[18:59:13] [  END  ]             Ok [Elapsed time = 0 seg]
[18:59:13] [ BEGIN ]             -- Freeing surface --
                                 {
                                 }
[18:59:13] [  END  ]             Ok [Elapsed time = 0 seg]
[18:59:13] [ BEGIN ]             -- Freeing surface --
                                 {
                                 }
[18:59:13] [  END  ]             Ok [Elapsed time = 0 seg]
[18:59:13] [ BEGIN ]             -- Freeing surface --
                                 {
                                 }
[18:59:13] [  END  ]             Ok [Elapsed time = 0 seg]
[18:59:13] [ BEGIN ]             -- Freeing surface --
                                 {
                                 }
[18:59:13] [  END  ]             Ok [Elapsed time = 0 seg]
[18:59:13] [ BEGIN ]             -- Freeing surface --
                                 {
                                 }
[18:59:13] [  END  ]             Ok [Elapsed time = 0 seg]
[18:59:13] [ BEGIN ]             -- Freeing surface --
                                 {
                                 }
[18:59:13] [  END  ]             Ok [Elapsed time = 0 seg]
[18:59:13] [ BEGIN ]             -- Freeing surface --
                                 {
                                 }
[18:59:13] [  END  ]             Ok [Elapsed time = 0 seg]
[18:59:13] [ BEGIN ]             -- Freeing surface --
                                 {
                                 }
[18:59:13] [  END  ]             Ok [Elapsed time = 0.001 seg]
                              }
[18:59:13] [  END  ]          Ok [Elapsed time = 0.001 seg]
[18:59:13] [ BEGIN ]          -- Freeing animation --
                              {
           [ INFO  ]             Name: ../SpaceGame/resources/animations/dust.xml
[18:59:13] [ BEGIN ]             -- Freeing surface --
                                 {
                                 }
[18:59:13] [  END  ]             Ok [Elapsed time = 0 seg]
[18:59:13] [ BEGIN ]             -- Freeing surface --
                                 {
                                 }
[18:59:13] [  END  ]             Ok [Elapsed time = 0 seg]
[18:59:13] [ BEGIN ]             -- Freeing surface --
                                 {
                                 }
[18:59:13] [  END  ]             Ok [Elapsed time = 0 seg]
[18:59:13] [ BEGIN ]             -- Freeing surface --
                                 {
                                 }
[18:59:13] [  END  ]             Ok [Elapsed time = 0 seg]
[18:59:13] [ BEGIN ]             -- Freeing surface --
                                 {
                                 }
[18:59:13] [  END  ]             Ok [Elapsed time = 0 seg]
[18:59:13] [ BEGIN ]             -- Freeing surface --
                                 {
                                 }
[18:59:13] [  END  ]             Ok [Elapsed time = 0 seg]
[18:59:13] [ BEGIN ]             -- Freeing surface --
                                 {
                                 }
[18:59:13] [  END  ]             Ok [Elapsed time = 0 seg]
[18:59:13] [ BEGIN ]             -- Freeing surface --
                                 {
                                 }
[18:59:13] [  END  ]             Ok [Elapsed time = 0 seg]
[18:59:13] [ BEGIN ]             -- Freeing surface --
                                 {
                                 }
[18:59:13] [  END  ]             Ok [Elapsed time = 0 seg]
[18:59:13] [ BEGIN ]             -- Freeing surface --
                                 {
                                 }
[18:59:13] [  END  ]             Ok [Elapsed time = 0 seg]
[18:59:13] [ BEGIN ]             -- Freeing surface --
                                 {
                                 }
[18:59:13] [  END  ]             Ok [Elapsed time = 0 seg]
[18:59:13] [ BEGIN ]             -- Freeing surface --
                                 {
                                 }
[18:59:13] [  END  ]             Ok [Elapsed time = 0 seg]
[18:59:13] [ BEGIN ]             -- Freeing surface --
                                 {
                                 }
[18:59:13] [  END  ]             Ok [Elapsed time = 0 seg]
                              }
[18:59:13] [  END  ]          Ok [Elapsed time = 0 seg]
                           }
[18:59:13] [  END  ]       Animations freed [Elapsed time = 0.002 seg]
                        }
[18:59:13] [  END  ]    AnimationManager finalized [Elapsed time = 0.002 seg]
[18:59:13] [ BEGIN ]    -- Finalizing SurfaceManager --
                        {
[18:59:13] [ BEGIN ]       -- Freeing surfaces --
                           {
           [ INFO  ]          Freeing surface:           [ INFO  ]          Freeing surface:                           }
[18:59:13] [  END  ]       Surfaces freed [Elapsed time = 0.002 seg]
                        }
[18:59:13] [  END  ]    IND_SurfaceManager finalized [Elapsed time = 0.002 seg]
[18:59:13] [ BEGIN ]    -- Finalizing ImageManager --
                        {
[18:59:13] [ BEGIN ]       -- Freeing images --
                           {
                           }
[18:59:13] [  END  ]       Images freed [Elapsed time = 0 seg]
                        }
[18:59:13] [  END  ]    ImageManager finalized [Elapsed time = 0 seg]
[18:59:13] [ BEGIN ]    -- Finalizing Direct3D --
                        {
           [  OK   ]       Finalizing the Device
           [  OK   ]       Finalizing D3D object
[18:59:13] [ BEGIN ]       -- Finalizing the window --
                           {
                           }
[18:59:14] [  END  ]       Window finalized [Elapsed time = 0.108 seg]
                        }
[18:59:14] [  END  ]    Direct3D finalized  [Elapsed time = 0.427 seg]
